mode: atomic
github.com/marktrs/alien-invasion-assignment/simulator/impl.go:30.14,36.2 1 1
github.com/marktrs/alien-invasion-assignment/simulator/impl.go:38.35,41.30 2 1
github.com/marktrs/alien-invasion-assignment/simulator/impl.go:49.2,49.6 1 1
github.com/marktrs/alien-invasion-assignment/simulator/impl.go:41.30,43.39 2 1
github.com/marktrs/alien-invasion-assignment/simulator/impl.go:43.39,45.4 1 5
github.com/marktrs/alien-invasion-assignment/simulator/impl.go:49.6,50.31 1 21
github.com/marktrs/alien-invasion-assignment/simulator/impl.go:57.3,57.36 1 21
github.com/marktrs/alien-invasion-assignment/simulator/impl.go:61.3,66.31 3 20
github.com/marktrs/alien-invasion-assignment/simulator/impl.go:73.3,74.31 2 20
github.com/marktrs/alien-invasion-assignment/simulator/impl.go:79.3,90.31 6 20
github.com/marktrs/alien-invasion-assignment/simulator/impl.go:95.3,95.37 1 20
github.com/marktrs/alien-invasion-assignment/simulator/impl.go:50.31,54.4 3 21
github.com/marktrs/alien-invasion-assignment/simulator/impl.go:57.36,60.4 2 1
github.com/marktrs/alien-invasion-assignment/simulator/impl.go:66.31,69.4 2 20
github.com/marktrs/alien-invasion-assignment/simulator/impl.go:74.31,77.4 2 0
github.com/marktrs/alien-invasion-assignment/simulator/impl.go:90.31,93.4 2 20
github.com/marktrs/alien-invasion-assignment/simulator/impl.go:95.37,98.4 2 0
github.com/marktrs/alien-invasion-assignment/simulator/impl.go:103.110,107.38 3 20
github.com/marktrs/alien-invasion-assignment/simulator/impl.go:121.2,121.40 1 20
github.com/marktrs/alien-invasion-assignment/simulator/impl.go:107.38,108.23 1 100
github.com/marktrs/alien-invasion-assignment/simulator/impl.go:113.3,113.27 1 81
github.com/marktrs/alien-invasion-assignment/simulator/impl.go:108.23,109.12 1 19
github.com/marktrs/alien-invasion-assignment/simulator/impl.go:113.27,116.4 2 1
github.com/marktrs/alien-invasion-assignment/simulator/impl.go:116.9,118.4 1 80
github.com/marktrs/alien-invasion-assignment/simulator/impl.go:125.84,129.39 2 20
github.com/marktrs/alien-invasion-assignment/simulator/impl.go:139.2,139.18 1 20
github.com/marktrs/alien-invasion-assignment/simulator/impl.go:129.39,131.37 2 1
github.com/marktrs/alien-invasion-assignment/simulator/impl.go:136.3,136.18 1 1
github.com/marktrs/alien-invasion-assignment/simulator/impl.go:131.37,135.4 3 2
github.com/marktrs/alien-invasion-assignment/simulator/impl.go:142.100,145.38 2 20
github.com/marktrs/alien-invasion-assignment/simulator/impl.go:158.2,158.22 1 20
github.com/marktrs/alien-invasion-assignment/simulator/impl.go:145.38,146.45 1 80
github.com/marktrs/alien-invasion-assignment/simulator/impl.go:146.45,148.45 1 95
github.com/marktrs/alien-invasion-assignment/simulator/impl.go:153.4,154.35 2 35
github.com/marktrs/alien-invasion-assignment/simulator/impl.go:148.45,149.10 1 60
github.com/marktrs/alien-invasion-assignment/simulator/impl.go:161.85,164.37 2 20
github.com/marktrs/alien-invasion-assignment/simulator/impl.go:171.2,171.21 1 20
github.com/marktrs/alien-invasion-assignment/simulator/impl.go:164.37,165.37 1 35
github.com/marktrs/alien-invasion-assignment/simulator/impl.go:165.37,168.4 2 0
github.com/marktrs/alien-invasion-assignment/simulator/impl.go:174.39,175.33 1 20
github.com/marktrs/alien-invasion-assignment/simulator/impl.go:175.33,177.38 1 60
github.com/marktrs/alien-invasion-assignment/simulator/impl.go:182.3,183.51 2 22
github.com/marktrs/alien-invasion-assignment/simulator/impl.go:190.3,193.44 2 22
github.com/marktrs/alien-invasion-assignment/simulator/impl.go:177.38,178.12 1 38
github.com/marktrs/alien-invasion-assignment/simulator/impl.go:183.51,184.40 1 44
github.com/marktrs/alien-invasion-assignment/simulator/impl.go:187.4,187.51 1 34
github.com/marktrs/alien-invasion-assignment/simulator/impl.go:184.40,185.13 1 10
github.com/marktrs/alien-invasion-assignment/simulator/impl.go:198.34,203.41 3 1
github.com/marktrs/alien-invasion-assignment/simulator/impl.go:209.2,209.57 1 1
github.com/marktrs/alien-invasion-assignment/simulator/impl.go:203.41,206.3 2 5
github.com/marktrs/alien-invasion-assignment/simulator/impl.go:209.57,215.3 5 3
github.com/marktrs/alien-invasion-assignment/simulator/impl.go:218.30,220.33 2 61
github.com/marktrs/alien-invasion-assignment/simulator/impl.go:227.2,228.38 2 61
github.com/marktrs/alien-invasion-assignment/simulator/impl.go:220.33,225.3 1 183
github.com/marktrs/alien-invasion-assignment/simulator/impl.go:228.38,234.3 1 305
github.com/marktrs/alien-invasion-assignment/simulator/impl.go:237.44,240.38 3 1
github.com/marktrs/alien-invasion-assignment/simulator/impl.go:260.2,261.33 2 1
github.com/marktrs/alien-invasion-assignment/simulator/impl.go:240.38,242.23 2 5
github.com/marktrs/alien-invasion-assignment/simulator/impl.go:247.3,247.22 1 4
github.com/marktrs/alien-invasion-assignment/simulator/impl.go:252.3,252.49 1 2
github.com/marktrs/alien-invasion-assignment/simulator/impl.go:258.3,258.19 1 2
github.com/marktrs/alien-invasion-assignment/simulator/impl.go:242.23,244.12 2 1
github.com/marktrs/alien-invasion-assignment/simulator/impl.go:247.22,249.12 2 2
github.com/marktrs/alien-invasion-assignment/simulator/impl.go:252.49,254.29 2 2
github.com/marktrs/alien-invasion-assignment/simulator/impl.go:254.29,256.5 1 2
github.com/marktrs/alien-invasion-assignment/simulator/impl.go:261.33,263.19 2 3
github.com/marktrs/alien-invasion-assignment/simulator/impl.go:263.19,265.4 1 2
github.com/marktrs/alien-invasion-assignment/simulator/impl.go:265.9,265.29 1 1
github.com/marktrs/alien-invasion-assignment/simulator/impl.go:265.29,267.4 1 0
github.com/marktrs/alien-invasion-assignment/simulator/impl.go:267.9,269.4 1 1
github.com/marktrs/alien-invasion-assignment/simulator/impl.go:273.48,276.2 2 3
github.com/marktrs/alien-invasion-assignment/world/impl.go:29.53,35.16 3 7
github.com/marktrs/alien-invasion-assignment/world/impl.go:38.2,38.15 1 7
github.com/marktrs/alien-invasion-assignment/world/impl.go:40.2,41.21 2 7
github.com/marktrs/alien-invasion-assignment/world/impl.go:101.2,101.19 1 1
github.com/marktrs/alien-invasion-assignment/world/impl.go:35.16,37.3 1 0
github.com/marktrs/alien-invasion-assignment/world/impl.go:38.15,38.35 1 7
github.com/marktrs/alien-invasion-assignment/world/impl.go:41.21,54.37 5 10
github.com/marktrs/alien-invasion-assignment/world/impl.go:60.3,60.36 1 10
github.com/marktrs/alien-invasion-assignment/world/impl.go:54.37,56.4 1 3
github.com/marktrs/alien-invasion-assignment/world/impl.go:56.9,58.4 1 7
github.com/marktrs/alien-invasion-assignment/world/impl.go:60.36,62.13 1 26
github.com/marktrs/alien-invasion-assignment/world/impl.go:67.4,69.18 3 25
github.com/marktrs/alien-invasion-assignment/world/impl.go:73.4,76.45 2 24
github.com/marktrs/alien-invasion-assignment/world/impl.go:87.4,87.75 1 24
github.com/marktrs/alien-invasion-assignment/world/impl.go:92.4,92.114 1 20
github.com/marktrs/alien-invasion-assignment/world/impl.go:97.4,97.34 1 20
github.com/marktrs/alien-invasion-assignment/world/impl.go:62.13,64.5 1 1
github.com/marktrs/alien-invasion-assignment/world/impl.go:69.18,71.5 1 1
github.com/marktrs/alien-invasion-assignment/world/impl.go:76.45,84.5 1 22
github.com/marktrs/alien-invasion-assignment/world/impl.go:87.75,89.5 1 4
github.com/marktrs/alien-invasion-assignment/world/impl.go:92.114,94.5 1 0
github.com/marktrs/alien-invasion-assignment/world/impl.go:104.65,106.42 2 25
github.com/marktrs/alien-invasion-assignment/world/impl.go:112.2,112.36 1 1
github.com/marktrs/alien-invasion-assignment/world/impl.go:106.42,107.16 1 63
github.com/marktrs/alien-invasion-assignment/world/impl.go:107.16,109.4 1 24
github.com/marktrs/alien-invasion-assignment/world/impl.go:115.93,117.27 1 44
github.com/marktrs/alien-invasion-assignment/world/impl.go:121.2,121.39 1 43
github.com/marktrs/alien-invasion-assignment/world/impl.go:127.2,129.12 2 40
github.com/marktrs/alien-invasion-assignment/world/impl.go:117.27,119.3 1 1
github.com/marktrs/alien-invasion-assignment/world/impl.go:121.39,122.46 1 24
github.com/marktrs/alien-invasion-assignment/world/impl.go:122.46,124.4 1 3
